<?xml version="1.0" encoding="UTF-8"?>
<testsuite xmlns:xsi="http://www.w3.org/2001/XMLSchema-instance" xsi:noNamespaceSchemaLocation="https://maven.apache.org/surefire/maven-surefire-plugin/xsd/surefire-test-report.xsd" name="labWorkClass.LabWorkCollectionTest" time="1.045" tests="6" errors="0" skipped="0" failures="0">
  <properties>
[...]
</properties>
  <testcase name="getKeyByPQM" classname="labWorkClass.LabWorkCollectionTest" time="0.812"/>
  <testcase name="getMinByNameKey" classname="labWorkClass.LabWorkCollectionTest" time="0.041"/>
  <testcase name="getDescendingAuthors" classname="labWorkClass.LabWorkCollectionTest" time="0.062"/>
  <testcase name="getMaxId should return -1" classname="labWorkClass.LabWorkCollectionTest" time="0.035"/>
  <testcase name="getMaxId should return 1" classname="labWorkClass.LabWorkCollectionTest" time="0.045"/>
  <testcase name="getKeyById should return 1" classname="labWorkClass.LabWorkCollectionTest" time="0.047"/>
</testsuite>